
> @gravity-ui/navigation@3.3.9 start
> TS_NODE_PROJECT=.storybook/tsconfig.json storybook dev -p 7008

@storybook/core v8.5.0

info => Serving static files from ././.storybook/assets at /
info => Starting manager..
WARN No story files found for the specified pattern: src/**/*.stories.mdx
info => Starting preview..
/workspace/navigation/node_modules/storybook/bin/index.cjs:23
  throw error;
  ^

Error: spawn xdg-open ENOENT
    at ChildProcess._handle.onexit (node:internal/child_process:285:19)
    at onErrorNT (node:internal/child_process:483:16)
    at process.processTicksAndRejections (node:internal/process/task_queues:90:21)
Emitted 'error' event on ChildProcess instance at:
    at ChildProcess._handle.onexit (node:internal/child_process:291:12)
    at onErrorNT (node:internal/child_process:483:16)
    at process.processTicksAndRejections (node:internal/process/task_queues:90:21) {
  errno: -2,
  code: 'ENOENT',
  syscall: 'spawn xdg-open',
  path: 'xdg-open',
  spawnargs: [ 'http://localhost:7008/' ]
}

Node.js v22.16.0
